<?xml version="1.0" encoding="UTF-8"?>
<!-- Generated by org.testng.reporters.JUnitXMLReporter -->
<testsuite ignored="0" hostname="DESKTOP-8MA2CUN" failures="0" tests="4" name="Surefire test" time="3.971" errors="0" timestamp="2024-03-29T14:58:17 EDT">
  <testcase classname="api.test.UserTests" name="testPostUser" time="3.082"/>
  <testcase classname="api.test.UserTests" name="testGettUser" time="0.111"/>
  <testcase classname="api.test.UserTests" name="testUpdatetUser" time="0.182"/>
  <testcase classname="api.test.UserTests" name="testdeletetUser" time="0.08"/>
</testsuite> <!-- Surefire test -->
