<?xml version="1.0" encoding="UTF-8"?>
<testng-results ignored="0" total="4" passed="4" failed="0" skipped="0">
  <reporter-output>
  </reporter-output>
  <suite started-at="2024-03-29T14:58:13 EDT" name="Surefire suite" finished-at="2024-03-29T14:58:17 EDT" duration-ms="3971">
    <groups>
    </groups>
    <test started-at="2024-03-29T14:58:13 EDT" name="Surefire test" finished-at="2024-03-29T14:58:17 EDT" duration-ms="3971">
      <class name="api.test.UserTests">
        <test-method is-config="true" signature="setup()[pri:0, instance:api.test.UserTests@59d4cd39]" started-at="2024-03-29T14:58:14 EDT" name="setup" finished-at="2024-03-29T14:58:14 EDT" duration-ms="314" status="PASS">
          <reporter-output>
          </reporter-output>
        </test-method> <!-- setup -->
        <test-method signature="testPostUser()[pri:1, instance:api.test.UserTests@59d4cd39]" started-at="2024-03-29T14:58:14 EDT" name="testPostUser" finished-at="2024-03-29T14:58:17 EDT" duration-ms="3082" status="PASS">
          <reporter-output>
          </reporter-output>
        </test-method> <!-- testPostUser -->
        <test-method signature="testGettUser()[pri:2, instance:api.test.UserTests@59d4cd39]" started-at="2024-03-29T14:58:17 EDT" name="testGettUser" finished-at="2024-03-29T14:58:17 EDT" duration-ms="111" status="PASS">
          <reporter-output>
          </reporter-output>
        </test-method> <!-- testGettUser -->
        <test-method signature="testUpdatetUser()[pri:3, instance:api.test.UserTests@59d4cd39]" started-at="2024-03-29T14:58:17 EDT" name="testUpdatetUser" finished-at="2024-03-29T14:58:17 EDT" duration-ms="182" status="PASS">
          <reporter-output>
          </reporter-output>
        </test-method> <!-- testUpdatetUser -->
        <test-method signature="testdeletetUser()[pri:4, instance:api.test.UserTests@59d4cd39]" started-at="2024-03-29T14:58:17 EDT" name="testdeletetUser" finished-at="2024-03-29T14:58:17 EDT" duration-ms="80" status="PASS">
          <reporter-output>
          </reporter-output>
        </test-method> <!-- testdeletetUser -->
      </class> <!-- api.test.UserTests -->
    </test> <!-- Surefire test -->
  </suite> <!-- Surefire suite -->
</testng-results>
